  boardStats.cpp
C:\Users\Gabriel\Desktop\cpp_pro\chess\chess\boardStats.cpp(12,17): warning C4244: 'initializing': conversion from 'double' to 'int', possible loss of data
C:\Users\Gabriel\Desktop\cpp_pro\chess\chess\boardStats.cpp(22,17): warning C4244: 'initializing': conversion from 'double' to 'int', possible loss of data
  chess.cpp
  chessPiece.cpp
C:\Users\Gabriel\Desktop\cpp_pro\chess\chess\chessPiece.cpp(32,47): warning C4244: 'argument': conversion from 'int' to 'float', possible loss of data
C:\Users\Gabriel\Desktop\cpp_pro\chess\chess\chessPiece.cpp(32,33): warning C4244: 'argument': conversion from 'int' to 'float', possible loss of data
  gameController.cpp
  localBoard.cpp
  movementHandler.cpp
  tableSquares.cpp
C:\Users\Gabriel\Desktop\cpp_pro\chess\chess\tableSquares.cpp(20,32): warning C4244: 'argument': conversion from 'int' to 'float', possible loss of data
C:\Users\Gabriel\Desktop\cpp_pro\chess\chess\tableSquares.cpp(20,22): warning C4244: 'argument': conversion from 'int' to 'float', possible loss of data
C:\Users\Gabriel\Desktop\cpp_pro\chess\chess\tableSquares.cpp(39,41): warning C4244: 'argument': conversion from 'int' to 'float', possible loss of data
C:\Users\Gabriel\Desktop\cpp_pro\chess\chess\tableSquares.cpp(39,31): warning C4244: 'argument': conversion from 'int' to 'float', possible loss of data
C:\Users\Gabriel\Desktop\cpp_pro\chess\chess\tableSquares.cpp(48,41): warning C4244: 'argument': conversion from 'int' to 'float', possible loss of data
C:\Users\Gabriel\Desktop\cpp_pro\chess\chess\tableSquares.cpp(48,31): warning C4244: 'argument': conversion from 'int' to 'float', possible loss of data
  Generating Code...
C:\Users\Gabriel\Desktop\cpp_pro\chess\chess\chessPiece.cpp(67): warning C4715: 'chessPiece::getPieceStatus': not all control paths return a value
  chess.vcxproj -> C:\Users\Gabriel\Desktop\cpp_pro\chess\x64\Debug\chess.exe
